[13-Aug-2019 17:00:43 UTC] PHP Warning:  include(../view/m.login.php): failed to open stream: No such file or directory in D:\Projects\lightframe\controller\login.php on line 5
[13-Aug-2019 17:00:43 UTC] PHP Warning:  include(): Failed opening '../view/m.login.php' for inclusion (include_path='.;C:\php\pear') in D:\Projects\lightframe\controller\login.php on line 5
[13-Aug-2019 17:00:43 UTC] PHP Warning:  include(../view/v.login.php): failed to open stream: No such file or directory in D:\Projects\lightframe\controller\login.php on line 6
[13-Aug-2019 17:00:43 UTC] PHP Warning:  include(): Failed opening '../view/v.login.php' for inclusion (include_path='.;C:\php\pear') in D:\Projects\lightframe\controller\login.php on line 6
[13-Aug-2019 17:00:43 UTC] PHP Fatal error:  Uncaught Error: Class 'm_login' not found in D:\Projects\lightframe\controller\login.php:7
Stack trace:
#0 D:\Projects\lightframe\index.php(15): login->__construct()
#1 D:\Projects\lightframe\index.php(8): lightframe->main()
#2 D:\Projects\lightframe\index.php(2): lightframe->__construct()
#3 {main}
  thrown in D:\Projects\lightframe\controller\login.php on line 7
[13-Aug-2019 17:03:37 UTC] PHP Warning:  include(D:\Projects\lightframe\controller/view/m.login.php): failed to open stream: No such file or directory in D:\Projects\lightframe\controller\login.php on line 5
[13-Aug-2019 17:03:37 UTC] PHP Warning:  include(): Failed opening 'D:\Projects\lightframe\controller/view/m.login.php' for inclusion (include_path='.;C:\php\pear') in D:\Projects\lightframe\controller\login.php on line 5
[13-Aug-2019 17:03:37 UTC] PHP Warning:  include(D:\Projects\lightframe\controller/view/v.login.php): failed to open stream: No such file or directory in D:\Projects\lightframe\controller\login.php on line 6
[13-Aug-2019 17:03:37 UTC] PHP Warning:  include(): Failed opening 'D:\Projects\lightframe\controller/view/v.login.php' for inclusion (include_path='.;C:\php\pear') in D:\Projects\lightframe\controller\login.php on line 6
[13-Aug-2019 17:03:37 UTC] PHP Fatal error:  Uncaught Error: Class 'm_login' not found in D:\Projects\lightframe\controller\login.php:7
Stack trace:
#0 D:\Projects\lightframe\index.php(15): login->__construct()
#1 D:\Projects\lightframe\index.php(8): lightframe->main()
#2 D:\Projects\lightframe\index.php(2): lightframe->__construct()
#3 {main}
  thrown in D:\Projects\lightframe\controller\login.php on line 7
[13-Aug-2019 17:05:57 UTC] PHP Warning:  include(D:\Projects\lightframe/view/m.login.php): failed to open stream: No such file or directory in D:\Projects\lightframe\controller\login.php on line 5
[13-Aug-2019 17:05:57 UTC] PHP Warning:  include(): Failed opening 'D:\Projects\lightframe/view/m.login.php' for inclusion (include_path='.;C:\php\pear') in D:\Projects\lightframe\controller\login.php on line 5
[13-Aug-2019 17:05:57 UTC] PHP Fatal error:  Uncaught Error: Class 'm_login' not found in D:\Projects\lightframe\controller\login.php:7
Stack trace:
#0 D:\Projects\lightframe\index.php(15): login->__construct()
#1 D:\Projects\lightframe\index.php(8): lightframe->main()
#2 D:\Projects\lightframe\index.php(2): lightframe->__construct()
#3 {main}
  thrown in D:\Projects\lightframe\controller\login.php on line 7
[13-Aug-2019 17:06:14 UTC] PHP Warning:  include(D:\Projects\lightframe/model/m.login.php): failed to open stream: No such file or directory in D:\Projects\lightframe\controller\login.php on line 5
[13-Aug-2019 17:06:14 UTC] PHP Warning:  include(): Failed opening 'D:\Projects\lightframe/model/m.login.php' for inclusion (include_path='.;C:\php\pear') in D:\Projects\lightframe\controller\login.php on line 5
[13-Aug-2019 17:06:14 UTC] PHP Fatal error:  Uncaught Error: Class 'm_login' not found in D:\Projects\lightframe\controller\login.php:7
Stack trace:
#0 D:\Projects\lightframe\index.php(15): login->__construct()
#1 D:\Projects\lightframe\index.php(8): lightframe->main()
#2 D:\Projects\lightframe\index.php(2): lightframe->__construct()
#3 {main}
  thrown in D:\Projects\lightframe\controller\login.php on line 7
[13-Aug-2019 17:09:54 UTC] PHP Warning:  Use of undefined constant pathFolder - assumed 'pathFolder' (this will throw an Error in a future version of PHP) in D:\Projects\lightframe\index.php on line 10
[16-Aug-2019 20:58:47 UTC] PHP Notice:  Undefined property: v_frame::$utils in D:\Projects\lightframe\view\v.frame.php on line 31
[16-Aug-2019 20:58:47 UTC] PHP Fatal error:  Uncaught Error: Call to a member function pluginLoader() on null in D:\Projects\lightframe\view\v.frame.php:31
Stack trace:
#0 D:\Projects\lightframe\index.php(32): v_frame->main()
#1 D:\Projects\lightframe\index.php(22): lightframe->main()
#2 D:\Projects\lightframe\index.php(2): lightframe->__construct()
#3 {main}
  thrown in D:\Projects\lightframe\view\v.frame.php on line 31
[16-Aug-2019 21:02:07 UTC] PHP Fatal error:  Uncaught Error: Call to a member function pluginLoader() on null in D:\Projects\lightframe\view\v.frame.php:31
Stack trace:
#0 D:\Projects\lightframe\index.php(35): v_frame->main()
#1 D:\Projects\lightframe\index.php(25): lightframe->main()
#2 D:\Projects\lightframe\index.php(2): lightframe->__construct()
#3 {main}
  thrown in D:\Projects\lightframe\view\v.frame.php on line 31
[16-Aug-2019 21:02:42 UTC] PHP Fatal error:  Uncaught Error: Call to a member function pluginLoader() on null in D:\Projects\lightframe\view\v.frame.php:31
Stack trace:
#0 D:\Projects\lightframe\index.php(35): v_frame->main()
#1 D:\Projects\lightframe\index.php(25): lightframe->main()
#2 D:\Projects\lightframe\index.php(2): lightframe->__construct()
#3 {main}
  thrown in D:\Projects\lightframe\view\v.frame.php on line 31
[16-Aug-2019 21:02:44 UTC] PHP Fatal error:  Uncaught Error: Call to a member function pluginLoader() on null in D:\Projects\lightframe\view\v.frame.php:31
Stack trace:
#0 D:\Projects\lightframe\index.php(35): v_frame->main()
#1 D:\Projects\lightframe\index.php(25): lightframe->main()
#2 D:\Projects\lightframe\index.php(2): lightframe->__construct()
#3 {main}
  thrown in D:\Projects\lightframe\view\v.frame.php on line 31
[16-Aug-2019 21:04:53 UTC] PHP Fatal error:  Uncaught Error: Call to undefined function base_url() in D:\Projects\lightframe\class\utils.php:83
Stack trace:
#0 D:\Projects\lightframe\view\v.frame.php(31): utils::pluginLoader(Array, 'js')
#1 D:\Projects\lightframe\index.php(35): v_frame->main()
#2 D:\Projects\lightframe\index.php(25): lightframe->main()
#3 D:\Projects\lightframe\index.php(2): lightframe->__construct()
#4 {main}
  thrown in D:\Projects\lightframe\class\utils.php on line 83
[16-Aug-2019 21:04:56 UTC] PHP Fatal error:  Uncaught Error: Call to undefined function base_url() in D:\Projects\lightframe\class\utils.php:83
Stack trace:
#0 D:\Projects\lightframe\view\v.frame.php(31): utils::pluginLoader(Array, 'js')
#1 D:\Projects\lightframe\index.php(35): v_frame->main()
#2 D:\Projects\lightframe\index.php(25): lightframe->main()
#3 D:\Projects\lightframe\index.php(2): lightframe->__construct()
#4 {main}
  thrown in D:\Projects\lightframe\class\utils.php on line 83
[28-Aug-2019 17:17:19 UTC] PHP Fatal error:  Uncaught Error: Call to undefined function getURIArray() in D:\Projects\lightframe\index.php:31
Stack trace:
#0 D:\Projects\lightframe\index.php(25): lightframe->main()
#1 D:\Projects\lightframe\index.php(11): lightframe->__construct()
#2 {main}
  thrown in D:\Projects\lightframe\index.php on line 31
[28-Aug-2019 17:17:28 UTC] PHP Warning:  Use of undefined constant pathFolder - assumed 'pathFolder' (this will throw an Error in a future version of PHP) in D:\Projects\lightframe\index.php on line 56
[28-Aug-2019 17:37:43 UTC] PHP Notice:  Array to string conversion in D:\Projects\lightframe\index.php on line 31
[28-Aug-2019 19:44:47 UTC] PHP Warning:  include(D:\Projects\lightframe/controller/usuarios.php): failed to open stream: No such file or directory in D:\Projects\lightframe\index.php on line 58
[28-Aug-2019 19:44:47 UTC] PHP Warning:  include(): Failed opening 'D:\Projects\lightframe/controller/usuarios.php' for inclusion (include_path='.;C:\php\pear') in D:\Projects\lightframe\index.php on line 58
[28-Aug-2019 19:44:47 UTC] PHP Fatal error:  Uncaught Error: Class 'usuarios' not found in D:\Projects\lightframe\index.php:59
Stack trace:
#0 D:\Projects\lightframe\index.php(32): lightframe->callFunctionsByURI(Array)
#1 D:\Projects\lightframe\index.php(25): lightframe->main()
#2 D:\Projects\lightframe\index.php(11): lightframe->__construct()
#3 {main}
  thrown in D:\Projects\lightframe\index.php on line 59
[28-Aug-2019 19:45:05 UTC] PHP Notice:  Undefined offset: 1 in D:\Projects\lightframe\index.php on line 60
[28-Aug-2019 19:45:44 UTC] PHP Notice:  Array to string conversion in D:\Projects\lightframe\index.php on line 62
[28-Aug-2019 19:45:44 UTC] PHP Notice:  Undefined property: mantenedor_examen::$Array in D:\Projects\lightframe\index.php on line 62
[28-Aug-2019 19:45:44 UTC] PHP Fatal error:  Uncaught Error: Function name must be a string in D:\Projects\lightframe\index.php:62
Stack trace:
#0 D:\Projects\lightframe\index.php(32): lightframe->callFunctionsByURI(Array)
#1 D:\Projects\lightframe\index.php(25): lightframe->main()
#2 D:\Projects\lightframe\index.php(11): lightframe->__construct()
#3 {main}
  thrown in D:\Projects\lightframe\index.php on line 62
[28-Aug-2019 19:52:22 UTC] PHP Warning:  include(D:\Projects\lightframe/controller/usuarios.php): failed to open stream: No such file or directory in D:\Projects\lightframe\index.php on line 58
[28-Aug-2019 19:52:22 UTC] PHP Warning:  include(): Failed opening 'D:\Projects\lightframe/controller/usuarios.php' for inclusion (include_path='.;C:\php\pear') in D:\Projects\lightframe\index.php on line 58
[28-Aug-2019 19:52:22 UTC] PHP Fatal error:  Uncaught Error: Class 'usuarios' not found in D:\Projects\lightframe\index.php:59
Stack trace:
#0 D:\Projects\lightframe\index.php(32): lightframe->callFunctionsByURI(Array)
#1 D:\Projects\lightframe\index.php(25): lightframe->main()
#2 D:\Projects\lightframe\index.php(11): lightframe->__construct()
#3 {main}
  thrown in D:\Projects\lightframe\index.php on line 59
[28-Aug-2019 19:56:35 UTC] PHP Warning:  Use of undefined constant view - assumed 'view' (this will throw an Error in a future version of PHP) in D:\Projects\lightframe\controller\login.php on line 6
[30-Aug-2019 19:04:13 UTC] PHP Parse error:  syntax error, unexpected '}' in D:\Projects\lightframe\view\v.mantenedor_examen.php on line 98
[30-Aug-2019 19:04:46 UTC] PHP Parse error:  syntax error, unexpected '}' in D:\Projects\lightframe\view\v.mantenedor_examen.php on line 98
[30-Aug-2019 19:04:56 UTC] PHP Parse error:  syntax error, unexpected '}' in D:\Projects\lightframe\view\v.mantenedor_examen.php on line 98
[30-Aug-2019 19:47:07 UTC] PHP Fatal error:  Uncaught Error: Call to undefined function base_url() in D:\Projects\lightframe\class\utils.php:83
Stack trace:
#0 D:\Projects\lightframe\view\v.frame.php(37): utils::pluginLoader(Array, 'js')
#1 D:\Projects\lightframe\controller\mantenedor_examen.php(15): v_frame->main(Array)
#2 D:\Projects\lightframe\index.php(60): mantenedor_examen->home()
#3 D:\Projects\lightframe\index.php(26): lightframe->callFunctionsByURI(Array)
#4 D:\Projects\lightframe\index.php(21): lightframe->main()
#5 D:\Projects\lightframe\index.php(11): lightframe->__construct()
#6 {main}
  thrown in D:\Projects\lightframe\class\utils.php on line 83
[30-Aug-2019 20:29:10 UTC] PHP Fatal error:  Uncaught Error: Class 'v_mantenedor_examen' not found in D:\Projects\lightframe\controller\mantenedor_examen.php:9
Stack trace:
#0 D:\Projects\lightframe\index.php(53): mantenedor_examen->__construct()
#1 D:\Projects\lightframe\index.php(26): lightframe->callFunctionsByURI(Array)
#2 D:\Projects\lightframe\index.php(21): lightframe->main()
#3 D:\Projects\lightframe\index.php(11): lightframe->__construct()
#4 {main}
  thrown in D:\Projects\lightframe\controller\mantenedor_examen.php on line 9
[30-Aug-2019 20:33:41 UTC] PHP Fatal error:  Uncaught Error: Class 'mantenedor_examen_view' not found in D:\Projects\lightframe\controller\mantenedor_examen.php:9
Stack trace:
#0 D:\Projects\lightframe\index.php(53): mantenedor_examen->__construct()
#1 D:\Projects\lightframe\index.php(26): lightframe->callFunctionsByURI(Array)
#2 D:\Projects\lightframe\index.php(21): lightframe->main()
#3 D:\Projects\lightframe\index.php(11): lightframe->__construct()
#4 {main}
  thrown in D:\Projects\lightframe\controller\mantenedor_examen.php on line 9
[30-Aug-2019 20:34:52 UTC] PHP Fatal error:  Uncaught Error: Class 'mantenedor_examen_view' not found in D:\Projects\lightframe\controller\mantenedor_examen.php:9
Stack trace:
#0 D:\Projects\lightframe\index.php(53): mantenedor_examen->__construct()
#1 D:\Projects\lightframe\index.php(26): lightframe->callFunctionsByURI(Array)
#2 D:\Projects\lightframe\index.php(21): lightframe->main()
#3 D:\Projects\lightframe\index.php(11): lightframe->__construct()
#4 {main}
  thrown in D:\Projects\lightframe\controller\mantenedor_examen.php on line 9
[30-Aug-2019 20:40:02 UTC] PHP Fatal error:  Uncaught Error: Class 'utils' not found in D:\Projects\lightframe\index.php:17
Stack trace:
#0 D:\Projects\lightframe\index.php(11): lightframe->__construct()
#1 {main}
  thrown in D:\Projects\lightframe\index.php on line 17
[30-Aug-2019 20:40:48 UTC] PHP Fatal error:  Cannot declare class utils, because the name is already in use in D:\Projects\lightframe\class\utils.php on line 3
[30-Aug-2019 20:40:56 UTC] PHP Notice:  Undefined property: mantenedor_examen::$vFrame in D:\Projects\lightframe\controller\mantenedor_examen.php on line 13
[30-Aug-2019 20:40:56 UTC] PHP Fatal error:  Uncaught Error: Call to a member function main() on null in D:\Projects\lightframe\controller\mantenedor_examen.php:13
Stack trace:
#0 D:\Projects\lightframe\index.php(62): mantenedor_examen->home()
#1 D:\Projects\lightframe\index.php(28): lightframe->callFunctionsByURI(Array)
#2 D:\Projects\lightframe\index.php(23): lightframe->main()
#3 D:\Projects\lightframe\index.php(11): lightframe->__construct()
#4 {main}
  thrown in D:\Projects\lightframe\controller\mantenedor_examen.php on line 13
[02-Sep-2019 14:52:11 UTC] PHP Fatal error:  Uncaught ArgumentCountError: Too few arguments to function frame_view::main(), 0 passed in D:\Projects\lightframe\controller\home.php on line 9 and exactly 1 expected in D:\Projects\lightframe\view\frame.view.php:18
Stack trace:
#0 D:\Projects\lightframe\controller\home.php(9): frame_view->main()
#1 D:\Projects\lightframe\index.php(62): home->home()
#2 D:\Projects\lightframe\index.php(28): lightframe->callFunctionsByURI(Array)
#3 D:\Projects\lightframe\index.php(23): lightframe->main()
#4 D:\Projects\lightframe\index.php(11): lightframe->__construct()
#5 {main}
  thrown in D:\Projects\lightframe\view\frame.view.php on line 18
[02-Sep-2019 15:27:32 UTC] PHP Fatal error:  Uncaught ArgumentCountError: Too few arguments to function frame_view::main(), 0 passed in D:\Projects\lightframe\controller\home.php on line 9 and exactly 1 expected in D:\Projects\lightframe\view\frame.view.php:18
Stack trace:
#0 D:\Projects\lightframe\controller\home.php(9): frame_view->main()
#1 D:\Projects\lightframe\index.php(62): home->home()
#2 D:\Projects\lightframe\index.php(28): lightframe->callFunctionsByURI(Array)
#3 D:\Projects\lightframe\index.php(23): lightframe->main()
#4 D:\Projects\lightframe\index.php(11): lightframe->__construct()
#5 {main}
  thrown in D:\Projects\lightframe\view\frame.view.php on line 18
[02-Sep-2019 15:28:59 UTC] PHP Fatal error:  Uncaught ArgumentCountError: Too few arguments to function frame_view::main(), 0 passed in D:\Projects\lightframe\controller\home.php on line 9 and exactly 1 expected in D:\Projects\lightframe\view\frame.view.php:18
Stack trace:
#0 D:\Projects\lightframe\controller\home.php(9): frame_view->main()
#1 D:\Projects\lightframe\index.php(62): home->home()
#2 D:\Projects\lightframe\index.php(28): lightframe->callFunctionsByURI(Array)
#3 D:\Projects\lightframe\index.php(23): lightframe->main()
#4 D:\Projects\lightframe\index.php(11): lightframe->__construct()
#5 {main}
  thrown in D:\Projects\lightframe\view\frame.view.php on line 18
[02-Sep-2019 15:29:06 UTC] PHP Warning:  extract() expects parameter 1 to be array, null given in D:\Projects\lightframe\view\frame.view.php on line 19
[02-Sep-2019 15:29:06 UTC] PHP Notice:  Undefined variable: css in D:\Projects\lightframe\view\frame.view.php on line 30
[02-Sep-2019 15:29:06 UTC] PHP Warning:  array_merge(): Expected parameter 2 to be an array, null given in D:\Projects\lightframe\view\frame.view.php on line 30
[02-Sep-2019 15:29:06 UTC] PHP Warning:  Invalid argument supplied for foreach() in D:\Projects\lightframe\class\utils.php on line 81
[02-Sep-2019 15:29:06 UTC] PHP Notice:  Undefined variable: body in D:\Projects\lightframe\view\frame.view.php on line 48
[02-Sep-2019 15:29:06 UTC] PHP Notice:  Undefined variable: js in D:\Projects\lightframe\view\frame.view.php on line 53
[02-Sep-2019 15:29:06 UTC] PHP Warning:  array_merge(): Expected parameter 2 to be an array, null given in D:\Projects\lightframe\view\frame.view.php on line 53
[02-Sep-2019 15:29:06 UTC] PHP Warning:  Invalid argument supplied for foreach() in D:\Projects\lightframe\class\utils.php on line 81
[02-Sep-2019 15:29:23 UTC] PHP Notice:  Undefined variable: css in D:\Projects\lightframe\view\frame.view.php on line 33
[02-Sep-2019 15:29:23 UTC] PHP Warning:  array_merge(): Expected parameter 2 to be an array, null given in D:\Projects\lightframe\view\frame.view.php on line 33
[02-Sep-2019 15:29:23 UTC] PHP Warning:  Invalid argument supplied for foreach() in D:\Projects\lightframe\class\utils.php on line 81
[02-Sep-2019 15:29:23 UTC] PHP Notice:  Undefined variable: body in D:\Projects\lightframe\view\frame.view.php on line 51
[02-Sep-2019 15:29:23 UTC] PHP Notice:  Undefined variable: js in D:\Projects\lightframe\view\frame.view.php on line 56
[02-Sep-2019 15:29:23 UTC] PHP Warning:  array_merge(): Expected parameter 2 to be an array, null given in D:\Projects\lightframe\view\frame.view.php on line 56
[02-Sep-2019 15:29:23 UTC] PHP Warning:  Invalid argument supplied for foreach() in D:\Projects\lightframe\class\utils.php on line 81
[02-Sep-2019 15:30:10 UTC] PHP Notice:  Undefined property: home::$view in D:\Projects\lightframe\controller\home.php on line 15
[02-Sep-2019 15:30:10 UTC] PHP Fatal error:  Uncaught Error: Call to a member function html() on null in D:\Projects\lightframe\controller\home.php:15
Stack trace:
#0 D:\Projects\lightframe\index.php(62): home->home()
#1 D:\Projects\lightframe\index.php(28): lightframe->callFunctionsByURI(Array)
#2 D:\Projects\lightframe\index.php(23): lightframe->main()
#3 D:\Projects\lightframe\index.php(11): lightframe->__construct()
#4 {main}
  thrown in D:\Projects\lightframe\controller\home.php on line 15
[02-Sep-2019 15:31:21 UTC] PHP Warning:  require(D:\Projects\lightframe/view/home.view.php): failed to open stream: No such file or directory in D:\Projects\lightframe\class\utils.php on line 116
[02-Sep-2019 15:31:21 UTC] PHP Fatal error:  require(): Failed opening required 'D:\Projects\lightframe/view/home.view.php' (include_path='.;C:\php\pear') in D:\Projects\lightframe\class\utils.php on line 116
